<?xml version="1.0" encoding="UTF-8"?>
<testsuite name="common.SortingToolStage4Test" tests="1" skipped="0" failures="1" errors="0" timestamp="2021-12-12T17:48:37" hostname="DESKTOP-C5147BT" time="0.163">
  <properties/>
  <testcase name="start" classname="common.SortingToolStage4Test" time="0.163">
    <failure message="java.lang.AssertionError: Wrong answer in test #3&#10;&#10;Token (333) is incorrect. Expected: 4.&#10;Args:&#10;-sortingType byCount -dataType long&#10;Input:&#10;1 -2   333 4&#10;42&#10;1                 1&#10;Your output:&#10;Total numbers: 7.&#10;-2: 1 time(s), 14%&#10;333: 1 time(s), 14%&#10;4: 1 time(s), 14%&#10;42: 1 time(s), 14%&#10;1: 3 time(s), 43%&#10;&#10;Please find below the output of your program during this failed test.&#10;Note that the '&gt;' character indicates the beginning of the input line.&#10;&#10;---&#10;&#10;Arguments: -sortingType byCount -dataType long&#10;&#10;&gt; 1 -2   333 4&#10;&gt; 42&#10;&gt; 1                 1&#10;Total numbers: 7.&#10;-2: 1 time(s), 14%&#10;333: 1 time(s), 14%&#10;4: 1 time(s), 14%&#10;42: 1 time(s), 14%&#10;1: 3 time(s), 43%" type="java.lang.AssertionError">java.lang.AssertionError: Wrong answer in test #3

Token (333) is incorrect. Expected: 4.
Args:
-sortingType byCount -dataType long
Input:
1 -2   333 4
42
1                 1
Your output:
Total numbers: 7.
-2: 1 time(s), 14%
333: 1 time(s), 14%
4: 1 time(s), 14%
42: 1 time(s), 14%
1: 3 time(s), 43%

Please find below the output of your program during this failed test.
Note that the '&gt;' character indicates the beginning of the input line.

---

Arguments: -sortingType byCount -dataType long

&gt; 1 -2   333 4
&gt; 42
&gt; 1                 1
Total numbers: 7.
-2: 1 time(s), 14%
333: 1 time(s), 14%
4: 1 time(s), 14%
42: 1 time(s), 14%
1: 3 time(s), 43%
	at org.junit.Assert.fail(Assert.java:88)
	at org.hyperskill.hstest.stage.StageTest.start(StageTest.java:155)
	at java.base/jdk.internal.reflect.NativeMethodAccessorImpl.invoke0(Native Method)
	at java.base/jdk.internal.reflect.NativeMethodAccessorImpl.invoke(NativeMethodAccessorImpl.java:77)
	at java.base/jdk.internal.reflect.DelegatingMethodAccessorImpl.invoke(DelegatingMethodAccessorImpl.java:43)
	at java.base/java.lang.reflect.Method.invoke(Method.java:568)
	at org.junit.runners.model.FrameworkMethod$1.runReflectiveCall(FrameworkMethod.java:50)
	at org.junit.internal.runners.model.ReflectiveCallable.run(ReflectiveCallable.java:12)
	at org.junit.runners.model.FrameworkMethod.invokeExplosively(FrameworkMethod.java:47)
	at org.junit.internal.runners.statements.InvokeMethod.evaluate(InvokeMethod.java:17)
	at org.junit.runners.ParentRunner.runLeaf(ParentRunner.java:325)
	at org.junit.runners.BlockJUnit4ClassRunner.runChild(BlockJUnit4ClassRunner.java:78)
	at org.junit.runners.BlockJUnit4ClassRunner.runChild(BlockJUnit4ClassRunner.java:57)
	at org.junit.runners.ParentRunner$3.run(ParentRunner.java:290)
	at org.junit.runners.ParentRunner$1.schedule(ParentRunner.java:71)
	at org.junit.runners.ParentRunner.runChildren(ParentRunner.java:288)
	at org.junit.runners.ParentRunner.access$000(ParentRunner.java:58)
	at org.junit.runners.ParentRunner$2.evaluate(ParentRunner.java:268)
	at org.junit.runners.ParentRunner.run(ParentRunner.java:363)
	at org.gradle.api.internal.tasks.testing.junit.JUnitTestClassExecutor.runTestClass(JUnitTestClassExecutor.java:110)
	at org.gradle.api.internal.tasks.testing.junit.JUnitTestClassExecutor.execute(JUnitTestClassExecutor.java:58)
	at org.gradle.api.internal.tasks.testing.junit.JUnitTestClassExecutor.execute(JUnitTestClassExecutor.java:38)
	at org.gradle.api.internal.tasks.testing.junit.AbstractJUnitTestClassProcessor.processTestClass(AbstractJUnitTestClassProcessor.java:62)
	at org.gradle.api.internal.tasks.testing.SuiteTestClassProcessor.processTestClass(SuiteTestClassProcessor.java:51)
	at java.base/jdk.internal.reflect.NativeMethodAccessorImpl.invoke0(Native Method)
	at java.base/jdk.internal.reflect.NativeMethodAccessorImpl.invoke(NativeMethodAccessorImpl.java:77)
	at java.base/jdk.internal.reflect.DelegatingMethodAccessorImpl.invoke(DelegatingMethodAccessorImpl.java:43)
	at java.base/java.lang.reflect.Method.invoke(Method.java:568)
	at org.gradle.internal.dispatch.ReflectionDispatch.dispatch(ReflectionDispatch.java:36)
	at org.gradle.internal.dispatch.ReflectionDispatch.dispatch(ReflectionDispatch.java:24)
	at org.gradle.internal.dispatch.ContextClassLoaderDispatch.dispatch(ContextClassLoaderDispatch.java:33)
	at org.gradle.internal.dispatch.ProxyDispatchAdapter$DispatchingInvocationHandler.invoke(ProxyDispatchAdapter.java:94)
	at jdk.proxy1/jdk.proxy1.$Proxy2.processTestClass(Unknown Source)
	at org.gradle.api.internal.tasks.testing.worker.TestWorker.processTestClass(TestWorker.java:121)
	at java.base/jdk.internal.reflect.NativeMethodAccessorImpl.invoke0(Native Method)
	at java.base/jdk.internal.reflect.NativeMethodAccessorImpl.invoke(NativeMethodAccessorImpl.java:77)
	at java.base/jdk.internal.reflect.DelegatingMethodAccessorImpl.invoke(DelegatingMethodAccessorImpl.java:43)
	at java.base/java.lang.reflect.Method.invoke(Method.java:568)
	at org.gradle.internal.dispatch.ReflectionDispatch.dispatch(ReflectionDispatch.java:36)
	at org.gradle.internal.dispatch.ReflectionDispatch.dispatch(ReflectionDispatch.java:24)
	at org.gradle.internal.remote.internal.hub.MessageHubBackedObjectConnection$DispatchWrapper.dispatch(MessageHubBackedObjectConnection.java:182)
	at org.gradle.internal.remote.internal.hub.MessageHubBackedObjectConnection$DispatchWrapper.dispatch(MessageHubBackedObjectConnection.java:164)
	at org.gradle.internal.remote.internal.hub.MessageHub$Handler.run(MessageHub.java:414)
	at org.gradle.internal.concurrent.ExecutorPolicy$CatchAndRecordFailures.onExecute(ExecutorPolicy.java:64)
	at org.gradle.internal.concurrent.ManagedExecutorImpl$1.run(ManagedExecutorImpl.java:48)
	at java.base/java.util.concurrent.ThreadPoolExecutor.runWorker(ThreadPoolExecutor.java:1136)
	at java.base/java.util.concurrent.ThreadPoolExecutor$Worker.run(ThreadPoolExecutor.java:635)
	at org.gradle.internal.concurrent.ThreadFactoryImpl$ManagedThreadRunnable.run(ThreadFactoryImpl.java:56)
	at java.base/java.lang.Thread.run(Thread.java:833)
</failure>
  </testcase>
  <system-out><![CDATA[?[1;31m
Start test 1?[0m
> 1 -2   333 4
> 42
> 1                 1
Total numbers: 7.
Sorted data: -2 1 1 1 4 42 333
?[1;31m
Start test 2?[0m
> 1 -2   333 4
> 42
> 1                 1
Total numbers: 7.
Sorted data: -2 1 1 1 4 42 333
?[1;31m
Start test 3?[0m
> 1 -2   333 4
> 42
> 1                 1
Total numbers: 7.
-2: 1 time(s), 14%
333: 1 time(s), 14%
4: 1 time(s), 14%
42: 1 time(s), 14%
]]></system-out>
  <system-err><![CDATA[]]></system-err>
</testsuite>
